{"/Users/johnkarow/Documents/Code/Capstone/capstone-memegen/generator-api/server.js": {"path":"/Users/johnkarow/Documents/Code/Capstone/capstone-memegen/generator-api/server.js","statementMap":{"0":{"start":{"line":1,"column":16},"end":{"line":1,"column":34}},"1":{"start":{"line":2,"column":15},"end":{"line":2,"column":32}},"2":{"start":{"line":3,"column":10},"end":{"line":3,"column":19}},"3":{"start":{"line":3,"column":34},"end":{"line":3,"column":56}},"4":{"start":{"line":4,"column":18},"end":{"line":4,"column":47}},"5":{"start":{"line":5,"column":20},"end":{"line":5,"column":52}},"6":{"start":{"line":7,"column":0},"end":{"line":7,"column":27}},"7":{"start":{"line":8,"column":0},"end":{"line":8,"column":15}},"8":{"start":{"line":10,"column":0},"end":{"line":10,"column":66}},"9":{"start":{"line":11,"column":0},"end":{"line":11,"column":52}},"10":{"start":{"line":12,"column":0},"end":{"line":12,"column":50}},"11":{"start":{"line":13,"column":0},"end":{"line":13,"column":52}},"12":{"start":{"line":14,"column":0},"end":{"line":14,"column":52}},"13":{"start":{"line":16,"column":0},"end":{"line":16,"column":20}}},"fnMap":{},"branchMap":{},"s":{"0":4,"1":4,"2":4,"3":4,"4":4,"5":4,"6":4,"7":4,"8":4,"9":4,"10":4,"11":4,"12":4,"13":4},"f":{},"b":{},"_coverageSchema":"1a1c01bbd47fc00a2c39e90264f33305004495a9","hash":"b470f880195f9e65fa3496301386d484a1a3e60a"}
,"/Users/johnkarow/Documents/Code/Capstone/capstone-memegen/generator-api/routes/bucket.js": {"path":"/Users/johnkarow/Documents/Code/Capstone/capstone-memegen/generator-api/routes/bucket.js","statementMap":{"0":{"start":{"line":1,"column":12},"end":{"line":1,"column":30}},"1":{"start":{"line":2,"column":16},"end":{"line":2,"column":34}},"2":{"start":{"line":3,"column":15},"end":{"line":3,"column":31}},"3":{"start":{"line":5,"column":0},"end":{"line":28,"column":3}},"4":{"start":{"line":7,"column":4},"end":{"line":11,"column":7}},"5":{"start":{"line":13,"column":15},"end":{"line":17,"column":6}},"6":{"start":{"line":19,"column":4},"end":{"line":19,"column":36}},"7":{"start":{"line":20,"column":23},"end":{"line":20,"column":47}},"8":{"start":{"line":21,"column":22},"end":{"line":21,"column":38}},"9":{"start":{"line":22,"column":19},"end":{"line":25,"column":5}},"10":{"start":{"line":26,"column":16},"end":{"line":26,"column":52}},"11":{"start":{"line":27,"column":4},"end":{"line":27,"column":18}},"12":{"start":{"line":30,"column":0},"end":{"line":57,"column":3}},"13":{"start":{"line":32,"column":4},"end":{"line":36,"column":7}},"14":{"start":{"line":38,"column":15},"end":{"line":42,"column":6}},"15":{"start":{"line":44,"column":4},"end":{"line":44,"column":36}},"16":{"start":{"line":45,"column":23},"end":{"line":45,"column":47}},"17":{"start":{"line":47,"column":19},"end":{"line":49,"column":5}},"18":{"start":{"line":50,"column":4},"end":{"line":56,"column":7}},"19":{"start":{"line":51,"column":8},"end":{"line":55,"column":9}},"20":{"start":{"line":52,"column":12},"end":{"line":52,"column":40}},"21":{"start":{"line":54,"column":12},"end":{"line":54,"column":39}},"22":{"start":{"line":59,"column":0},"end":{"line":59,"column":24}}},"fnMap":{"0":{"name":"(anonymous_0)","decl":{"start":{"line":5,"column":23},"end":{"line":5,"column":24}},"loc":{"start":{"line":5,"column":43},"end":{"line":28,"column":1}},"line":5},"1":{"name":"(anonymous_1)","decl":{"start":{"line":30,"column":23},"end":{"line":30,"column":24}},"loc":{"start":{"line":30,"column":43},"end":{"line":57,"column":1}},"line":30},"2":{"name":"(anonymous_2)","decl":{"start":{"line":50,"column":29},"end":{"line":50,"column":30}},"loc":{"start":{"line":50,"column":50},"end":{"line":56,"column":5}},"line":50}},"branchMap":{"0":{"loc":{"start":{"line":51,"column":8},"end":{"line":55,"column":9}},"type":"if","locations":[{"start":{"line":51,"column":8},"end":{"line":55,"column":9}},{"start":{"line":53,"column":15},"end":{"line":55,"column":9}}],"line":51}},"s":{"0":4,"1":4,"2":4,"3":4,"4":1,"5":0,"6":0,"7":0,"8":0,"9":0,"10":0,"11":0,"12":4,"13":1,"14":0,"15":0,"16":0,"17":0,"18":0,"19":0,"20":0,"21":0,"22":4},"f":{"0":1,"1":1,"2":0},"b":{"0":[0,0]},"_coverageSchema":"1a1c01bbd47fc00a2c39e90264f33305004495a9","hash":"0d5dd77c0acd3238ed6fb0140aa9c78574cb21cb"}
,"/Users/johnkarow/Documents/Code/Capstone/capstone-memegen/generator-api/routes/health.js": {"path":"/Users/johnkarow/Documents/Code/Capstone/capstone-memegen/generator-api/routes/health.js","statementMap":{"0":{"start":{"line":1,"column":16},"end":{"line":1,"column":34}},"1":{"start":{"line":2,"column":10},"end":{"line":2,"column":19}},"2":{"start":{"line":3,"column":15},"end":{"line":3,"column":31}},"3":{"start":{"line":5,"column":0},"end":{"line":8,"column":3}},"4":{"start":{"line":7,"column":4},"end":{"line":7,"column":48}},"5":{"start":{"line":9,"column":0},"end":{"line":9,"column":24}}},"fnMap":{"0":{"name":"(anonymous_0)","decl":{"start":{"line":5,"column":22},"end":{"line":5,"column":23}},"loc":{"start":{"line":5,"column":36},"end":{"line":8,"column":1}},"line":5}},"branchMap":{},"s":{"0":4,"1":4,"2":4,"3":4,"4":1,"5":4},"f":{"0":1},"b":{},"_coverageSchema":"1a1c01bbd47fc00a2c39e90264f33305004495a9","hash":"e17c56d27ebe65ff2bb99117c64d45e1aa2ecee7"}
,"/Users/johnkarow/Documents/Code/Capstone/capstone-memegen/generator-api/routes/memes.js": {"path":"/Users/johnkarow/Documents/Code/Capstone/capstone-memegen/generator-api/routes/memes.js","statementMap":{"0":{"start":{"line":1,"column":16},"end":{"line":1,"column":34}},"1":{"start":{"line":2,"column":16},"end":{"line":2,"column":34}},"2":{"start":{"line":3,"column":27},"end":{"line":3,"column":43}},"3":{"start":{"line":4,"column":15},"end":{"line":4,"column":31}},"4":{"start":{"line":6,"column":13},"end":{"line":12,"column":2}},"5":{"start":{"line":13,"column":0},"end":{"line":46,"column":3}},"6":{"start":{"line":14,"column":4},"end":{"line":45,"column":5}},"7":{"start":{"line":15,"column":8},"end":{"line":42,"column":15}},"8":{"start":{"line":17,"column":16},"end":{"line":20,"column":18}},"9":{"start":{"line":21,"column":16},"end":{"line":36,"column":23}},"10":{"start":{"line":23,"column":38},"end":{"line":23,"column":77}},"11":{"start":{"line":24,"column":39},"end":{"line":27,"column":25}},"12":{"start":{"line":28,"column":24},"end":{"line":28,"column":59}},"13":{"start":{"line":29,"column":24},"end":{"line":29,"column":39}},"14":{"start":{"line":32,"column":24},"end":{"line":34,"column":26}},"15":{"start":{"line":35,"column":24},"end":{"line":35,"column":39}},"16":{"start":{"line":39,"column":16},"end":{"line":41,"column":18}},"17":{"start":{"line":44,"column":8},"end":{"line":44,"column":18}},"18":{"start":{"line":47,"column":0},"end":{"line":75,"column":3}},"19":{"start":{"line":48,"column":4},"end":{"line":74,"column":5}},"20":{"start":{"line":49,"column":8},"end":{"line":71,"column":15}},"21":{"start":{"line":51,"column":16},"end":{"line":54,"column":18}},"22":{"start":{"line":55,"column":16},"end":{"line":65,"column":23}},"23":{"start":{"line":57,"column":24},"end":{"line":57,"column":39}},"24":{"start":{"line":58,"column":24},"end":{"line":58,"column":39}},"25":{"start":{"line":61,"column":24},"end":{"line":63,"column":26}},"26":{"start":{"line":64,"column":24},"end":{"line":64,"column":39}},"27":{"start":{"line":68,"column":16},"end":{"line":70,"column":18}},"28":{"start":{"line":73,"column":8},"end":{"line":73,"column":18}},"29":{"start":{"line":76,"column":0},"end":{"line":76,"column":24}}},"fnMap":{"0":{"name":"(anonymous_0)","decl":{"start":{"line":13,"column":21},"end":{"line":13,"column":22}},"loc":{"start":{"line":13,"column":41},"end":{"line":46,"column":1}},"line":13},"1":{"name":"(anonymous_1)","decl":{"start":{"line":16,"column":18},"end":{"line":16,"column":19}},"loc":{"start":{"line":16,"column":28},"end":{"line":37,"column":13}},"line":16},"2":{"name":"(anonymous_2)","decl":{"start":{"line":22,"column":26},"end":{"line":22,"column":27}},"loc":{"start":{"line":22,"column":42},"end":{"line":30,"column":21}},"line":22},"3":{"name":"(anonymous_3)","decl":{"start":{"line":31,"column":27},"end":{"line":31,"column":28}},"loc":{"start":{"line":31,"column":36},"end":{"line":36,"column":21}},"line":31},"4":{"name":"(anonymous_4)","decl":{"start":{"line":38,"column":19},"end":{"line":38,"column":20}},"loc":{"start":{"line":38,"column":28},"end":{"line":42,"column":13}},"line":38},"5":{"name":"(anonymous_5)","decl":{"start":{"line":47,"column":24},"end":{"line":47,"column":25}},"loc":{"start":{"line":47,"column":44},"end":{"line":75,"column":1}},"line":47},"6":{"name":"(anonymous_6)","decl":{"start":{"line":50,"column":18},"end":{"line":50,"column":19}},"loc":{"start":{"line":50,"column":28},"end":{"line":66,"column":13}},"line":50},"7":{"name":"(anonymous_7)","decl":{"start":{"line":56,"column":26},"end":{"line":56,"column":27}},"loc":{"start":{"line":56,"column":42},"end":{"line":59,"column":21}},"line":56},"8":{"name":"(anonymous_8)","decl":{"start":{"line":60,"column":27},"end":{"line":60,"column":28}},"loc":{"start":{"line":60,"column":36},"end":{"line":65,"column":21}},"line":60},"9":{"name":"(anonymous_9)","decl":{"start":{"line":67,"column":19},"end":{"line":67,"column":20}},"loc":{"start":{"line":67,"column":28},"end":{"line":71,"column":13}},"line":67}},"branchMap":{},"s":{"0":4,"1":4,"2":4,"3":4,"4":4,"5":4,"6":1,"7":1,"8":1,"9":1,"10":1,"11":1,"12":0,"13":0,"14":1,"15":1,"16":0,"17":0,"18":4,"19":1,"20":1,"21":1,"22":1,"23":1,"24":1,"25":0,"26":0,"27":0,"28":0,"29":4},"f":{"0":1,"1":1,"2":1,"3":1,"4":0,"5":1,"6":1,"7":1,"8":0,"9":0},"b":{},"_coverageSchema":"1a1c01bbd47fc00a2c39e90264f33305004495a9","hash":"bcb08083d281a2574148e8fffdcd2bb088d65bce"}
,"/Users/johnkarow/Documents/Code/Capstone/capstone-memegen/generator-api/routes/quotes.js": {"path":"/Users/johnkarow/Documents/Code/Capstone/capstone-memegen/generator-api/routes/quotes.js","statementMap":{"0":{"start":{"line":1,"column":16},"end":{"line":1,"column":34}},"1":{"start":{"line":2,"column":16},"end":{"line":2,"column":34}},"2":{"start":{"line":4,"column":15},"end":{"line":4,"column":31}},"3":{"start":{"line":5,"column":13},"end":{"line":11,"column":2}},"4":{"start":{"line":13,"column":0},"end":{"line":44,"column":3}},"5":{"start":{"line":14,"column":4},"end":{"line":43,"column":5}},"6":{"start":{"line":15,"column":8},"end":{"line":40,"column":15}},"7":{"start":{"line":17,"column":16},"end":{"line":20,"column":18}},"8":{"start":{"line":21,"column":16},"end":{"line":34,"column":23}},"9":{"start":{"line":23,"column":24},"end":{"line":23,"column":62}},"10":{"start":{"line":24,"column":38},"end":{"line":24,"column":77}},"11":{"start":{"line":25,"column":24},"end":{"line":25,"column":42}},"12":{"start":{"line":26,"column":24},"end":{"line":26,"column":48}},"13":{"start":{"line":27,"column":24},"end":{"line":27,"column":39}},"14":{"start":{"line":30,"column":24},"end":{"line":32,"column":26}},"15":{"start":{"line":33,"column":24},"end":{"line":33,"column":39}},"16":{"start":{"line":37,"column":16},"end":{"line":39,"column":18}},"17":{"start":{"line":42,"column":8},"end":{"line":42,"column":18}},"18":{"start":{"line":45,"column":0},"end":{"line":73,"column":3}},"19":{"start":{"line":46,"column":4},"end":{"line":72,"column":5}},"20":{"start":{"line":47,"column":8},"end":{"line":69,"column":15}},"21":{"start":{"line":49,"column":16},"end":{"line":52,"column":18}},"22":{"start":{"line":53,"column":16},"end":{"line":63,"column":23}},"23":{"start":{"line":55,"column":24},"end":{"line":55,"column":39}},"24":{"start":{"line":56,"column":24},"end":{"line":56,"column":39}},"25":{"start":{"line":59,"column":24},"end":{"line":61,"column":26}},"26":{"start":{"line":62,"column":24},"end":{"line":62,"column":39}},"27":{"start":{"line":66,"column":16},"end":{"line":68,"column":18}},"28":{"start":{"line":71,"column":8},"end":{"line":71,"column":18}},"29":{"start":{"line":75,"column":0},"end":{"line":75,"column":24}}},"fnMap":{"0":{"name":"(anonymous_0)","decl":{"start":{"line":13,"column":22},"end":{"line":13,"column":23}},"loc":{"start":{"line":13,"column":42},"end":{"line":44,"column":1}},"line":13},"1":{"name":"(anonymous_1)","decl":{"start":{"line":16,"column":18},"end":{"line":16,"column":19}},"loc":{"start":{"line":16,"column":28},"end":{"line":35,"column":13}},"line":16},"2":{"name":"(anonymous_2)","decl":{"start":{"line":22,"column":26},"end":{"line":22,"column":27}},"loc":{"start":{"line":22,"column":36},"end":{"line":28,"column":21}},"line":22},"3":{"name":"(anonymous_3)","decl":{"start":{"line":29,"column":27},"end":{"line":29,"column":28}},"loc":{"start":{"line":29,"column":36},"end":{"line":34,"column":21}},"line":29},"4":{"name":"(anonymous_4)","decl":{"start":{"line":36,"column":19},"end":{"line":36,"column":20}},"loc":{"start":{"line":36,"column":28},"end":{"line":40,"column":13}},"line":36},"5":{"name":"(anonymous_5)","decl":{"start":{"line":45,"column":25},"end":{"line":45,"column":26}},"loc":{"start":{"line":45,"column":45},"end":{"line":73,"column":1}},"line":45},"6":{"name":"(anonymous_6)","decl":{"start":{"line":48,"column":18},"end":{"line":48,"column":19}},"loc":{"start":{"line":48,"column":28},"end":{"line":64,"column":13}},"line":48},"7":{"name":"(anonymous_7)","decl":{"start":{"line":54,"column":26},"end":{"line":54,"column":27}},"loc":{"start":{"line":54,"column":36},"end":{"line":57,"column":21}},"line":54},"8":{"name":"(anonymous_8)","decl":{"start":{"line":58,"column":27},"end":{"line":58,"column":28}},"loc":{"start":{"line":58,"column":36},"end":{"line":63,"column":21}},"line":58},"9":{"name":"(anonymous_9)","decl":{"start":{"line":65,"column":19},"end":{"line":65,"column":20}},"loc":{"start":{"line":65,"column":28},"end":{"line":69,"column":13}},"line":65}},"branchMap":{},"s":{"0":4,"1":4,"2":4,"3":4,"4":4,"5":1,"6":1,"7":1,"8":1,"9":1,"10":1,"11":1,"12":1,"13":1,"14":0,"15":0,"16":0,"17":0,"18":4,"19":1,"20":1,"21":1,"22":1,"23":1,"24":1,"25":0,"26":0,"27":0,"28":0,"29":4},"f":{"0":1,"1":1,"2":1,"3":0,"4":0,"5":1,"6":1,"7":1,"8":0,"9":0},"b":{},"_coverageSchema":"1a1c01bbd47fc00a2c39e90264f33305004495a9","hash":"676987f41a968cf1ff95af65816478e50f3146e1"}
}
