{"/Users/johnkarow/Documents/Code/Capstone/capstone-memegen/generator-api/dbconnect.js": {"path":"/Users/johnkarow/Documents/Code/Capstone/capstone-memegen/generator-api/dbconnect.js","statementMap":{"0":{"start":{"line":1,"column":16},"end":{"line":1,"column":34}},"1":{"start":{"line":2,"column":13},"end":{"line":8,"column":2}},"2":{"start":{"line":9,"column":13},"end":{"line":9,"column":33}},"3":{"start":{"line":10,"column":0},"end":{"line":10,"column":24}}},"fnMap":{},"branchMap":{},"s":{"0":4,"1":4,"2":4,"3":4},"f":{},"b":{},"_coverageSchema":"1a1c01bbd47fc00a2c39e90264f33305004495a9","hash":"a292d19d40aa9066349f32415aa59a93e8abcc38"}
,"/Users/johnkarow/Documents/Code/Capstone/capstone-memegen/generator-api/server.js": {"path":"/Users/johnkarow/Documents/Code/Capstone/capstone-memegen/generator-api/server.js","statementMap":{"0":{"start":{"line":1,"column":16},"end":{"line":1,"column":34}},"1":{"start":{"line":2,"column":15},"end":{"line":2,"column":32}},"2":{"start":{"line":3,"column":10},"end":{"line":3,"column":19}},"3":{"start":{"line":4,"column":0},"end":{"line":4,"column":36}},"4":{"start":{"line":5,"column":18},"end":{"line":5,"column":47}},"5":{"start":{"line":6,"column":20},"end":{"line":6,"column":52}},"6":{"start":{"line":8,"column":0},"end":{"line":8,"column":27}},"7":{"start":{"line":9,"column":0},"end":{"line":9,"column":16}},"8":{"start":{"line":11,"column":0},"end":{"line":11,"column":63}},"9":{"start":{"line":12,"column":0},"end":{"line":12,"column":55}},"10":{"start":{"line":13,"column":0},"end":{"line":13,"column":53}},"11":{"start":{"line":14,"column":0},"end":{"line":14,"column":55}},"12":{"start":{"line":15,"column":0},"end":{"line":15,"column":55}},"13":{"start":{"line":17,"column":0},"end":{"line":17,"column":21}}},"fnMap":{},"branchMap":{},"s":{"0":4,"1":4,"2":4,"3":4,"4":4,"5":4,"6":4,"7":4,"8":4,"9":4,"10":4,"11":4,"12":4,"13":4},"f":{},"b":{},"_coverageSchema":"1a1c01bbd47fc00a2c39e90264f33305004495a9","hash":"d5ca7e28f1b7a1910fae79ce2f49888ca15cc175"}
,"/Users/johnkarow/Documents/Code/Capstone/capstone-memegen/generator-api/routes/bucket.js": {"path":"/Users/johnkarow/Documents/Code/Capstone/capstone-memegen/generator-api/routes/bucket.js","statementMap":{"0":{"start":{"line":1,"column":12},"end":{"line":1,"column":30}},"1":{"start":{"line":2,"column":16},"end":{"line":2,"column":34}},"2":{"start":{"line":3,"column":15},"end":{"line":3,"column":31}},"3":{"start":{"line":5,"column":0},"end":{"line":28,"column":3}},"4":{"start":{"line":7,"column":4},"end":{"line":11,"column":7}},"5":{"start":{"line":13,"column":15},"end":{"line":17,"column":6}},"6":{"start":{"line":19,"column":4},"end":{"line":19,"column":36}},"7":{"start":{"line":20,"column":23},"end":{"line":20,"column":47}},"8":{"start":{"line":21,"column":22},"end":{"line":21,"column":38}},"9":{"start":{"line":22,"column":19},"end":{"line":25,"column":5}},"10":{"start":{"line":26,"column":16},"end":{"line":26,"column":52}},"11":{"start":{"line":27,"column":4},"end":{"line":27,"column":18}},"12":{"start":{"line":30,"column":0},"end":{"line":59,"column":3}},"13":{"start":{"line":32,"column":4},"end":{"line":36,"column":7}},"14":{"start":{"line":38,"column":15},"end":{"line":42,"column":6}},"15":{"start":{"line":44,"column":4},"end":{"line":44,"column":36}},"16":{"start":{"line":45,"column":23},"end":{"line":45,"column":47}},"17":{"start":{"line":47,"column":19},"end":{"line":49,"column":5}},"18":{"start":{"line":50,"column":4},"end":{"line":58,"column":7}},"19":{"start":{"line":51,"column":8},"end":{"line":57,"column":9}},"20":{"start":{"line":52,"column":12},"end":{"line":52,"column":40}},"21":{"start":{"line":53,"column":12},"end":{"line":53,"column":32}},"22":{"start":{"line":55,"column":12},"end":{"line":55,"column":39}},"23":{"start":{"line":56,"column":12},"end":{"line":56,"column":32}},"24":{"start":{"line":61,"column":0},"end":{"line":61,"column":24}}},"fnMap":{"0":{"name":"(anonymous_0)","decl":{"start":{"line":5,"column":23},"end":{"line":5,"column":24}},"loc":{"start":{"line":5,"column":43},"end":{"line":28,"column":1}},"line":5},"1":{"name":"(anonymous_1)","decl":{"start":{"line":30,"column":23},"end":{"line":30,"column":24}},"loc":{"start":{"line":30,"column":43},"end":{"line":59,"column":1}},"line":30},"2":{"name":"(anonymous_2)","decl":{"start":{"line":50,"column":29},"end":{"line":50,"column":30}},"loc":{"start":{"line":50,"column":50},"end":{"line":58,"column":5}},"line":50}},"branchMap":{"0":{"loc":{"start":{"line":51,"column":8},"end":{"line":57,"column":9}},"type":"if","locations":[{"start":{"line":51,"column":8},"end":{"line":57,"column":9}},{"start":{"line":54,"column":15},"end":{"line":57,"column":9}}],"line":51}},"s":{"0":4,"1":4,"2":4,"3":4,"4":1,"5":1,"6":1,"7":1,"8":1,"9":1,"10":1,"11":1,"12":4,"13":2,"14":2,"15":2,"16":2,"17":2,"18":2,"19":2,"20":1,"21":1,"22":1,"23":1,"24":4},"f":{"0":1,"1":2,"2":2},"b":{"0":[1,1]},"_coverageSchema":"1a1c01bbd47fc00a2c39e90264f33305004495a9","hash":"544c3301e54f60d8bb84cbdf3be1b53ea0661b78"}
,"/Users/johnkarow/Documents/Code/Capstone/capstone-memegen/generator-api/routes/health.js": {"path":"/Users/johnkarow/Documents/Code/Capstone/capstone-memegen/generator-api/routes/health.js","statementMap":{"0":{"start":{"line":1,"column":16},"end":{"line":1,"column":34}},"1":{"start":{"line":2,"column":10},"end":{"line":2,"column":19}},"2":{"start":{"line":3,"column":15},"end":{"line":3,"column":31}},"3":{"start":{"line":5,"column":0},"end":{"line":8,"column":3}},"4":{"start":{"line":7,"column":4},"end":{"line":7,"column":48}},"5":{"start":{"line":9,"column":0},"end":{"line":9,"column":24}}},"fnMap":{"0":{"name":"(anonymous_0)","decl":{"start":{"line":5,"column":22},"end":{"line":5,"column":23}},"loc":{"start":{"line":5,"column":36},"end":{"line":8,"column":1}},"line":5}},"branchMap":{},"s":{"0":4,"1":4,"2":4,"3":4,"4":1,"5":4},"f":{"0":1},"b":{},"_coverageSchema":"1a1c01bbd47fc00a2c39e90264f33305004495a9","hash":"e17c56d27ebe65ff2bb99117c64d45e1aa2ecee7"}
,"/Users/johnkarow/Documents/Code/Capstone/capstone-memegen/generator-api/routes/memes.js": {"path":"/Users/johnkarow/Documents/Code/Capstone/capstone-memegen/generator-api/routes/memes.js","statementMap":{"0":{"start":{"line":1,"column":16},"end":{"line":1,"column":34}},"1":{"start":{"line":2,"column":27},"end":{"line":2,"column":43}},"2":{"start":{"line":3,"column":15},"end":{"line":3,"column":41}},"3":{"start":{"line":4,"column":15},"end":{"line":4,"column":31}},"4":{"start":{"line":6,"column":0},"end":{"line":24,"column":3}},"5":{"start":{"line":7,"column":4},"end":{"line":23,"column":5}},"6":{"start":{"line":8,"column":8},"end":{"line":19,"column":11}},"7":{"start":{"line":9,"column":12},"end":{"line":18,"column":15}},"8":{"start":{"line":10,"column":30},"end":{"line":10,"column":69}},"9":{"start":{"line":11,"column":31},"end":{"line":14,"column":17}},"10":{"start":{"line":16,"column":16},"end":{"line":16,"column":31}},"11":{"start":{"line":17,"column":16},"end":{"line":17,"column":51}},"12":{"start":{"line":20,"column":8},"end":{"line":20,"column":27}},"13":{"start":{"line":22,"column":8},"end":{"line":22,"column":18}},"14":{"start":{"line":26,"column":0},"end":{"line":38,"column":3}},"15":{"start":{"line":27,"column":4},"end":{"line":37,"column":5}},"16":{"start":{"line":28,"column":8},"end":{"line":33,"column":11}},"17":{"start":{"line":29,"column":12},"end":{"line":32,"column":15}},"18":{"start":{"line":30,"column":16},"end":{"line":30,"column":31}},"19":{"start":{"line":31,"column":16},"end":{"line":31,"column":31}},"20":{"start":{"line":34,"column":8},"end":{"line":34,"column":31}},"21":{"start":{"line":36,"column":8},"end":{"line":36,"column":18}},"22":{"start":{"line":39,"column":0},"end":{"line":39,"column":24}}},"fnMap":{"0":{"name":"(anonymous_0)","decl":{"start":{"line":6,"column":21},"end":{"line":6,"column":22}},"loc":{"start":{"line":6,"column":41},"end":{"line":24,"column":1}},"line":6},"1":{"name":"(anonymous_1)","decl":{"start":{"line":8,"column":20},"end":{"line":8,"column":21}},"loc":{"start":{"line":8,"column":30},"end":{"line":19,"column":9}},"line":8},"2":{"name":"(anonymous_2)","decl":{"start":{"line":9,"column":51},"end":{"line":9,"column":52}},"loc":{"start":{"line":9,"column":67},"end":{"line":18,"column":13}},"line":9},"3":{"name":"(anonymous_3)","decl":{"start":{"line":26,"column":24},"end":{"line":26,"column":25}},"loc":{"start":{"line":26,"column":44},"end":{"line":38,"column":1}},"line":26},"4":{"name":"(anonymous_4)","decl":{"start":{"line":28,"column":20},"end":{"line":28,"column":21}},"loc":{"start":{"line":28,"column":30},"end":{"line":33,"column":9}},"line":28},"5":{"name":"(anonymous_5)","decl":{"start":{"line":29,"column":51},"end":{"line":29,"column":52}},"loc":{"start":{"line":29,"column":67},"end":{"line":32,"column":13}},"line":29}},"branchMap":{},"s":{"0":4,"1":4,"2":4,"3":4,"4":4,"5":1,"6":1,"7":1,"8":1,"9":1,"10":1,"11":1,"12":1,"13":0,"14":4,"15":1,"16":1,"17":1,"18":1,"19":1,"20":1,"21":0,"22":4},"f":{"0":1,"1":1,"2":1,"3":1,"4":1,"5":1},"b":{},"_coverageSchema":"1a1c01bbd47fc00a2c39e90264f33305004495a9","hash":"ba85394592e2edcd036cb6d76668ccdfc53f5394"}
,"/Users/johnkarow/Documents/Code/Capstone/capstone-memegen/generator-api/routes/quotes.js": {"path":"/Users/johnkarow/Documents/Code/Capstone/capstone-memegen/generator-api/routes/quotes.js","statementMap":{"0":{"start":{"line":1,"column":16},"end":{"line":1,"column":34}},"1":{"start":{"line":2,"column":15},"end":{"line":2,"column":41}},"2":{"start":{"line":4,"column":15},"end":{"line":4,"column":31}},"3":{"start":{"line":6,"column":0},"end":{"line":23,"column":3}},"4":{"start":{"line":7,"column":4},"end":{"line":22,"column":5}},"5":{"start":{"line":8,"column":8},"end":{"line":19,"column":11}},"6":{"start":{"line":9,"column":12},"end":{"line":11,"column":14}},"7":{"start":{"line":12,"column":12},"end":{"line":18,"column":15}},"8":{"start":{"line":13,"column":16},"end":{"line":13,"column":54}},"9":{"start":{"line":14,"column":30},"end":{"line":14,"column":69}},"10":{"start":{"line":15,"column":16},"end":{"line":15,"column":34}},"11":{"start":{"line":16,"column":16},"end":{"line":16,"column":40}},"12":{"start":{"line":17,"column":16},"end":{"line":17,"column":31}},"13":{"start":{"line":21,"column":8},"end":{"line":21,"column":18}},"14":{"start":{"line":24,"column":0},"end":{"line":38,"column":3}},"15":{"start":{"line":25,"column":4},"end":{"line":37,"column":5}},"16":{"start":{"line":26,"column":8},"end":{"line":34,"column":11}},"17":{"start":{"line":27,"column":12},"end":{"line":29,"column":14}},"18":{"start":{"line":30,"column":12},"end":{"line":33,"column":15}},"19":{"start":{"line":31,"column":16},"end":{"line":31,"column":31}},"20":{"start":{"line":32,"column":16},"end":{"line":32,"column":31}},"21":{"start":{"line":36,"column":8},"end":{"line":36,"column":18}},"22":{"start":{"line":40,"column":0},"end":{"line":40,"column":24}}},"fnMap":{"0":{"name":"(anonymous_0)","decl":{"start":{"line":6,"column":22},"end":{"line":6,"column":23}},"loc":{"start":{"line":6,"column":42},"end":{"line":23,"column":1}},"line":6},"1":{"name":"(anonymous_1)","decl":{"start":{"line":8,"column":20},"end":{"line":8,"column":21}},"loc":{"start":{"line":8,"column":30},"end":{"line":19,"column":9}},"line":8},"2":{"name":"(anonymous_2)","decl":{"start":{"line":12,"column":52},"end":{"line":12,"column":53}},"loc":{"start":{"line":12,"column":62},"end":{"line":18,"column":13}},"line":12},"3":{"name":"(anonymous_3)","decl":{"start":{"line":24,"column":25},"end":{"line":24,"column":26}},"loc":{"start":{"line":24,"column":45},"end":{"line":38,"column":1}},"line":24},"4":{"name":"(anonymous_4)","decl":{"start":{"line":26,"column":20},"end":{"line":26,"column":21}},"loc":{"start":{"line":26,"column":30},"end":{"line":34,"column":9}},"line":26},"5":{"name":"(anonymous_5)","decl":{"start":{"line":30,"column":52},"end":{"line":30,"column":53}},"loc":{"start":{"line":30,"column":62},"end":{"line":33,"column":13}},"line":30}},"branchMap":{},"s":{"0":4,"1":4,"2":4,"3":4,"4":1,"5":1,"6":1,"7":1,"8":1,"9":1,"10":1,"11":1,"12":1,"13":0,"14":4,"15":1,"16":1,"17":1,"18":1,"19":1,"20":1,"21":0,"22":4},"f":{"0":1,"1":1,"2":1,"3":1,"4":1,"5":1},"b":{},"_coverageSchema":"1a1c01bbd47fc00a2c39e90264f33305004495a9","hash":"39623fcebca8a35bf985a82b09d423a8656a96b5"}
}
