TN:
SF:dbconnect.js
FNF:0
FNH:0
DA:1,4
DA:2,4
DA:9,4
DA:10,4
LF:4
LH:4
BRF:0
BRH:0
end_of_record
TN:
SF:server.js
FNF:0
FNH:0
DA:1,4
DA:2,4
DA:3,4
DA:4,4
DA:5,4
DA:6,4
DA:8,4
DA:9,4
DA:11,4
DA:12,4
DA:13,4
DA:14,4
DA:15,4
DA:17,4
LF:14
LH:14
BRF:0
BRH:0
end_of_record
TN:
SF:routes/bucket.js
FN:5,(anonymous_0)
FN:30,(anonymous_1)
FN:50,(anonymous_2)
FNF:3
FNH:3
FNDA:1,(anonymous_0)
FNDA:2,(anonymous_1)
FNDA:2,(anonymous_2)
DA:1,4
DA:2,4
DA:3,4
DA:5,4
DA:7,1
DA:13,1
DA:19,1
DA:20,1
DA:21,1
DA:22,1
DA:26,1
DA:27,1
DA:30,4
DA:32,2
DA:38,2
DA:44,2
DA:45,2
DA:47,2
DA:50,2
DA:51,2
DA:52,1
DA:53,1
DA:55,1
DA:56,1
DA:61,4
LF:25
LH:25
BRDA:51,0,0,1
BRDA:51,0,1,1
BRF:2
BRH:2
end_of_record
TN:
SF:routes/health.js
FN:5,(anonymous_0)
FNF:1
FNH:1
FNDA:1,(anonymous_0)
DA:1,4
DA:2,4
DA:3,4
DA:5,4
DA:7,1
DA:9,4
LF:6
LH:6
BRF:0
BRH:0
end_of_record
TN:
SF:routes/memes.js
FN:6,(anonymous_0)
FN:8,(anonymous_1)
FN:9,(anonymous_2)
FN:26,(anonymous_3)
FN:28,(anonymous_4)
FN:29,(anonymous_5)
FNF:6
FNH:6
FNDA:1,(anonymous_0)
FNDA:1,(anonymous_1)
FNDA:1,(anonymous_2)
FNDA:1,(anonymous_3)
FNDA:1,(anonymous_4)
FNDA:1,(anonymous_5)
DA:1,4
DA:2,4
DA:3,4
DA:4,4
DA:6,4
DA:7,1
DA:8,1
DA:9,1
DA:10,1
DA:11,1
DA:16,1
DA:17,1
DA:20,1
DA:22,0
DA:26,4
DA:27,1
DA:28,1
DA:29,1
DA:30,1
DA:31,1
DA:34,1
DA:36,0
DA:39,4
LF:23
LH:21
BRF:0
BRH:0
end_of_record
TN:
SF:routes/quotes.js
FN:6,(anonymous_0)
FN:8,(anonymous_1)
FN:12,(anonymous_2)
FN:24,(anonymous_3)
FN:26,(anonymous_4)
FN:30,(anonymous_5)
FNF:6
FNH:6
FNDA:1,(anonymous_0)
FNDA:1,(anonymous_1)
FNDA:1,(anonymous_2)
FNDA:1,(anonymous_3)
FNDA:1,(anonymous_4)
FNDA:1,(anonymous_5)
DA:1,4
DA:2,4
DA:4,4
DA:6,4
DA:7,1
DA:8,1
DA:9,1
DA:12,1
DA:13,1
DA:14,1
DA:15,1
DA:16,1
DA:17,1
DA:21,0
DA:24,4
DA:25,1
DA:26,1
DA:27,1
DA:30,1
DA:31,1
DA:32,1
DA:36,0
DA:40,4
LF:23
LH:21
BRF:0
BRH:0
end_of_record
